COMP 8045 Final Project/CardEmulation/Application/manifest-merger-release-report.txt
-- Merging decision tree log ---
manifest
ADDED from AndroidManifest.xml:18:1
	package
		ADDED from AndroidManifest.xml:19:5
	android:versionName
		ADDED from AndroidManifest.xml:21:5
	android:versionCode
		ADDED from AndroidManifest.xml:20:5
		INJECTED from AndroidManifest.xml:0:0
		INJECTED from AndroidManifest.xml:0:0
	xmlns:android
		ADDED from AndroidManifest.xml:18:11
uses-feature#android.hardware.nfc.hce
ADDED from AndroidManifest.xml:25:5
	android:required
		ADDED from AndroidManifest.xml:25:59
	android:name
		ADDED from AndroidManifest.xml:25:19
uses-permission#android.permission.NFC
ADDED from AndroidManifest.xml:26:5
	android:name
		ADDED from AndroidManifest.xml:26:22
uses-permission#android.permission.WRITE_EXTERNAL_STORAGE
ADDED from AndroidManifest.xml:27:5
	android:name
		ADDED from AndroidManifest.xml:27:22
application
ADDED from AndroidManifest.xml:29:5
MERGED from com.android.support:support-v4:21.0.2:16:5
MERGED from com.android.support:support-v13:21.0.2:16:5
MERGED from com.android.support:support-v4:21.0.2:16:5
MERGED from com.android.support:cardview-v7:21.0.2:16:5
	android:label
		ADDED from AndroidManifest.xml:30:9
	android:allowBackup
		ADDED from AndroidManifest.xml:29:18
	android:icon
		ADDED from AndroidManifest.xml:31:9
	android:persistent
		ADDED from AndroidManifest.xml:33:9
	android:theme
		ADDED from AndroidManifest.xml:32:9
activity#com.example.android.cardemulation.MainActivity
ADDED from AndroidManifest.xml:36:9
	android:screenOrientation
		ADDED from AndroidManifest.xml:38:19
	android:label
		ADDED from AndroidManifest.xml:37:19
	android:name
		ADDED from AndroidManifest.xml:36:19
intent-filter#android.intent.action.MAIN+android.intent.category.LAUNCHER
ADDED from AndroidManifest.xml:39:13
action#android.intent.action.MAIN
ADDED from AndroidManifest.xml:40:17
	android:name
		ADDED from AndroidManifest.xml:40:25
category#android.intent.category.LAUNCHER
ADDED from AndroidManifest.xml:41:17
	android:name
		ADDED from AndroidManifest.xml:41:27
service#com.example.android.cardemulation.CardService
ADDED from AndroidManifest.xml:47:9
	android:exported
		ADDED from AndroidManifest.xml:48:18
	android:permission
		ADDED from AndroidManifest.xml:49:18
	android:name
		ADDED from AndroidManifest.xml:47:18
intent-filter#android.intent.category.DEFAULT+android.nfc.cardemulation.action.HOST_APDU_SERVICE
ADDED from AndroidManifest.xml:51:13
action#android.nfc.cardemulation.action.HOST_APDU_SERVICE
ADDED from AndroidManifest.xml:52:17
	android:name
		ADDED from AndroidManifest.xml:52:25
category#android.intent.category.DEFAULT
ADDED from AndroidManifest.xml:53:17
	android:name
		ADDED from AndroidManifest.xml:53:27
meta-data#android.nfc.cardemulation.host_apdu_service
ADDED from AndroidManifest.xml:57:13
	android:resource
		ADDED from AndroidManifest.xml:58:24
	android:name
		ADDED from AndroidManifest.xml:57:24
uses-sdk
INJECTED from AndroidManifest.xml:0:0 reason: use-sdk injection requested
MERGED from com.android.support:support-v4:21.0.2:15:5
MERGED from com.android.support:support-v13:21.0.2:15:5
MERGED from com.android.support:support-v4:21.0.2:15:5
MERGED from com.android.support:cardview-v7:21.0.2:15:5
	android:targetSdkVersion
		INJECTED from AndroidManifest.xml:0:0
		INJECTED from AndroidManifest.xml:0:0
	android:minSdkVersion
		INJECTED from AndroidManifest.xml:0:0
		INJECTED from AndroidManifest.xml:0:0